c:\users\100672027\desktop\intermediate computer graphics\tutorial\code\infr-2350-tutorials-winter-2019\infr 2350\release\vc141.pdb
c:\users\100672027\desktop\intermediate computer graphics\tutorial\code\infr-2350-tutorials-winter-2019\infr 2350\opengl_framework\release\uniformbuffer.obj
c:\users\100672027\desktop\intermediate computer graphics\tutorial\code\infr-2350-tutorials-winter-2019\infr 2350\opengl_framework\release\ui.obj
c:\users\100672027\desktop\intermediate computer graphics\tutorial\code\infr-2350-tutorials-winter-2019\infr 2350\opengl_framework\release\transform.obj
c:\users\100672027\desktop\intermediate computer graphics\tutorial\code\infr-2350-tutorials-winter-2019\infr 2350\opengl_framework\release\timer.obj
c:\users\100672027\desktop\intermediate computer graphics\tutorial\code\infr-2350-tutorials-winter-2019\infr 2350\opengl_framework\release\texturecube.obj
c:\users\100672027\desktop\intermediate computer graphics\tutorial\code\infr-2350-tutorials-winter-2019\infr 2350\opengl_framework\release\texture.obj
c:\users\100672027\desktop\intermediate computer graphics\tutorial\code\infr-2350-tutorials-winter-2019\infr 2350\opengl_framework\release\shaderprogram.obj
c:\users\100672027\desktop\intermediate computer graphics\tutorial\code\infr-2350-tutorials-winter-2019\infr 2350\opengl_framework\release\resourcemanager.obj
c:\users\100672027\desktop\intermediate computer graphics\tutorial\code\infr-2350-tutorials-winter-2019\infr 2350\opengl_framework\release\mesh.obj
c:\users\100672027\desktop\intermediate computer graphics\tutorial\code\infr-2350-tutorials-winter-2019\infr 2350\opengl_framework\release\main.obj
c:\users\100672027\desktop\intermediate computer graphics\tutorial\code\infr-2350-tutorials-winter-2019\infr 2350\opengl_framework\release\light.obj
c:\users\100672027\desktop\intermediate computer graphics\tutorial\code\infr-2350-tutorials-winter-2019\infr 2350\opengl_framework\release\io.obj
c:\users\100672027\desktop\intermediate computer graphics\tutorial\code\infr-2350-tutorials-winter-2019\infr 2350\opengl_framework\release\imgui_impl.obj
c:\users\100672027\desktop\intermediate computer graphics\tutorial\code\infr-2350-tutorials-winter-2019\infr 2350\opengl_framework\release\imgui_draw.obj
c:\users\100672027\desktop\intermediate computer graphics\tutorial\code\infr-2350-tutorials-winter-2019\infr 2350\opengl_framework\release\imgui_demo.obj
c:\users\100672027\desktop\intermediate computer graphics\tutorial\code\infr-2350-tutorials-winter-2019\infr 2350\opengl_framework\release\imgui.obj
c:\users\100672027\desktop\intermediate computer graphics\tutorial\code\infr-2350-tutorials-winter-2019\infr 2350\opengl_framework\release\gameobject.obj
c:\users\100672027\desktop\intermediate computer graphics\tutorial\code\infr-2350-tutorials-winter-2019\infr 2350\opengl_framework\release\game.obj
c:\users\100672027\desktop\intermediate computer graphics\tutorial\code\infr-2350-tutorials-winter-2019\infr 2350\opengl_framework\release\framebuffer.obj
c:\users\100672027\desktop\intermediate computer graphics\tutorial\code\infr-2350-tutorials-winter-2019\infr 2350\opengl_framework\release\camera.obj
c:\users\100672027\desktop\intermediate computer graphics\tutorial\code\infr-2350-tutorials-winter-2019\infr 2350\opengl_framework\release\vertexbufferobject.obj
c:\users\100672027\desktop\intermediate computer graphics\tutorial\code\infr-2350-tutorials-winter-2019\infr 2350\opengl_framework\release\satmath.obj
c:\users\100672027\desktop\intermediate computer graphics\tutorial\code\infr-2350-tutorials-winter-2019\infr 2350\release\opengl_framework.exe
c:\users\100672027\desktop\intermediate computer graphics\tutorial\code\infr-2350-tutorials-winter-2019\infr 2350\release\opengl_framework.pdb
c:\users\100672027\desktop\intermediate computer graphics\tutorial\code\infr-2350-tutorials-winter-2019\infr 2350\release\opengl_framework.ipdb
c:\users\100672027\desktop\intermediate computer graphics\tutorial\code\infr-2350-tutorials-winter-2019\infr 2350\release\opengl_framework.iobj
c:\users\100672027\desktop\intermediate computer graphics\tutorial\code\infr-2350-tutorials-winter-2019\infr 2350\opengl_framework\release\opengl_framework.tlog\cl.command.1.tlog
c:\users\100672027\desktop\intermediate computer graphics\tutorial\code\infr-2350-tutorials-winter-2019\infr 2350\opengl_framework\release\opengl_framework.tlog\cl.read.1.tlog
c:\users\100672027\desktop\intermediate computer graphics\tutorial\code\infr-2350-tutorials-winter-2019\infr 2350\opengl_framework\release\opengl_framework.tlog\cl.write.1.tlog
c:\users\100672027\desktop\intermediate computer graphics\tutorial\code\infr-2350-tutorials-winter-2019\infr 2350\opengl_framework\release\opengl_framework.tlog\link.command.1.tlog
c:\users\100672027\desktop\intermediate computer graphics\tutorial\code\infr-2350-tutorials-winter-2019\infr 2350\opengl_framework\release\opengl_framework.tlog\link.read.1.tlog
c:\users\100672027\desktop\intermediate computer graphics\tutorial\code\infr-2350-tutorials-winter-2019\infr 2350\opengl_framework\release\opengl_framework.tlog\link.write.1.tlog
c:\users\100672027\desktop\intermediate computer graphics\tutorial\code\infr-2350-tutorials-winter-2019\infr 2350\opengl_framework\release\opengl_framework.tlog\opengl_framework.write.1u.tlog
