  SatMath.cpp
  Camera.cpp
  Framebuffer.cpp
  Game.cpp
  GameObject.cpp
  imgui.cpp
  imgui_demo.cpp
  imgui_draw.cpp
  imgui_impl.cpp
  IO.cpp
  Light.cpp
  main.cpp
  Mesh.cpp
  ResourceManager.cpp
  ShaderProgram.cpp
  Texture.cpp
  TextureCube.cpp
  Timer.cpp
  Transform.cpp
  UI.cpp
  Compiling...
  UniformBuffer.cpp
  VertexBufferObject.cpp
  Generating code
  All 2462 functions were compiled because no usable IPDB/IOBJ from previous compilation was found.
  Finished generating code
  OpenGL_Framework.vcxproj -> C:\Users\100672027\Desktop\Intermediate Computer Graphics\Tutorial\Code\infr-2350-tutorials-winter-2019\INFR 2350\Release\OpenGL_Framework.exe
