  Material.cpp
  PostProcessBuffer.cpp
  SatMath.cpp
  Camera.cpp
  Framebuffer.cpp
  Game.cpp
  GameObject.cpp
  imgui.cpp
  imgui_demo.cpp
  imgui_draw.cpp
  imgui_impl.cpp
  IO.cpp
  Light.cpp
  main.cpp
  Mesh.cpp
  ResourceManager.cpp
  ShaderProgram.cpp
  Texture.cpp
  TextureCube.cpp
  Timer.cpp
  Generating Code...
  Compiling...
  Transform.cpp
  UI.cpp
  UniformBuffer.cpp
  VertexBufferObject.cpp
  Generating Code...
  OpenGL_Framework.vcxproj -> C:\Users\100672027\Desktop\Intermediate Computer Graphics\Assignment\Assignment 2\CG Assignment 2 - Group 14\Debug\OpenGL_Framework.exe
